<?xml version="1.0" encoding="UTF-8"?>
<!-- Generated by org.testng.reporters.JUnitXMLReporter -->
<testsuite hostname="LAB00W7FCA-15" ignored="0" name="TC_06_Admin_Login_Test" tests="1" failures="0" timestamp="10 Apr 2017 07:32:15 GMT" time="0.001" errors="0">
  <testcase name="@BeforeSuite savePhysicianSignature" time="0.986" classname="com.zapprx.testing.end2endtests.regression.PhysicianProfile.SaveSigPhysicianProfileTest">
    <failure type="java.lang.ExceptionInInitializerError">
      <![CDATA[java.lang.ExceptionInInitializerError
	at org.openqa.selenium.firefox.FirefoxProfile.layoutOnDisk(FirefoxProfile.java:416)
	at org.openqa.selenium.firefox.internal.NewProfileExtensionConnection.start(NewProfileExtensionConnection.java:85)
	at org.openqa.selenium.firefox.FirefoxDriver.startClient(FirefoxDriver.java:271)
	at org.openqa.selenium.remote.RemoteWebDriver.<init>(RemoteWebDriver.java:119)
	at org.openqa.selenium.firefox.FirefoxDriver.<init>(FirefoxDriver.java:216)
	at org.openqa.selenium.firefox.FirefoxDriver.<init>(FirefoxDriver.java:211)
	at org.openqa.selenium.firefox.FirefoxDriver.<init>(FirefoxDriver.java:207)
	at org.openqa.selenium.firefox.FirefoxDriver.<init>(FirefoxDriver.java:124)
	at com.zapprx.testing.end2endtests.automation.WebDriverFactory.getFirefoxDriver(WebDriverFactory.java:124)
	at com.zapprx.testing.end2endtests.automation.WebDriverFactory.getDriver(WebDriverFactory.java:38)
	at com.zapprx.testing.end2endtests.automation.TestSessionInitiator._configureBrowser(TestSessionInitiator.java:150)
	at com.zapprx.testing.end2endtests.automation.TestSessionInitiator.testInitiator(TestSessionInitiator.java:143)
	at com.zapprx.testing.end2endtests.automation.TestSessionInitiator.<init>(TestSessionInitiator.java:138)
	at com.zapprx.testing.end2endtests.regression.PhysicianProfile.SaveSigPhysicianProfileTest.savePhysicianSignature(SaveSigPhysicianProfileTest.java:21)
Caused by: org.openqa.selenium.WebDriverException: Unable to find tmp dir: F:\tmp
Build info: version: '2.53.1', revision: 'a36b8b1cd5757287168e54b817830adce9b0158d', time: '2016-06-30 19:26:09'
System info: host: 'LAB00W7FCA-15', ip: '172.20.3.175', os.name: 'Windows 7', os.arch: 'amd64', os.version: '6.1', java.version: '1.8.0_60'
Driver info: driver.version: FirefoxDriver
	at org.openqa.selenium.io.TemporaryFilesystem.<init>(TemporaryFilesystem.java:65)
	at org.openqa.selenium.io.TemporaryFilesystem.<clinit>(TemporaryFilesystem.java:42)
	... 42 more
... Removed 28 stack frames]]>
    </failure>
  </testcase> <!-- @BeforeSuite savePhysicianSignature -->
  <testcase name="@BeforeClass Start_Test_Session" time="0.0" classname="com.zapprx.testing.end2endtests.basetests.BaseTest">
    <skipped/>
  </testcase> <!-- @BeforeClass Start_Test_Session -->
  <testcase name="@BeforeMethod testMethodName" time="0.0" classname="com.zapprx.testing.end2endtests.basetests.BaseTest">
    <skipped/>
  </testcase> <!-- @BeforeMethod testMethodName -->
  <testcase name="@AfterClass close_Test_Session" time="0.0" classname="com.zapprx.testing.end2endtests.basetests.BaseTest">
    <skipped/>
  </testcase> <!-- @AfterClass close_Test_Session -->
  <testcase name="Step01_loginAdminAndVerifyHomePage" time="0.0" classname="com.zapprx.testing.end2endtests.functional.admin.ZQ201Test">
    <skipped/>
  </testcase> <!-- Step01_loginAdminAndVerifyHomePage -->
</testsuite> <!-- TC_06_Admin_Login_Test -->
