<?xml version="1.0" encoding="UTF-8"?>
<!-- Generated by org.testng.reporters.JUnitReportReporter -->
<testsuite hostname="asd1576po02037" name="com.zapprx.testing.end2endtests.regression.PARx.ZQ282Test" tests="6" failures="0" timestamp="4 Apr 2017 07:25:35 GMT" time="156.509" errors="1">
  <testcase name="Step02_registerPatientAndCompleteProfile" time="29.638" classname="com.zapprx.testing.end2endtests.regression.PARx.ZQ282Test"/>
  <testcase name="Step05_loginPhysicianAndReSubmitPA" time="37.161" classname="com.zapprx.testing.end2endtests.regression.PARx.ZQ282Test"/>
  <testcase name="Step06_onPharmacyPortalVerifyPAForm" time="11.692" classname="com.zapprx.testing.end2endtests.regression.PARx.ZQ282Test"/>
  <testcase name="Step01_loginAdminSelectManualWorkflowMode" time="30.410" classname="com.zapprx.testing.end2endtests.regression.PARx.ZQ282Test">
    <error type="java.lang.AssertionError" message="FAILED: Element button_signIn not found on the common/LoginPage !!!">
      <![CDATA[java.lang.AssertionError: FAILED: Element button_signIn not found on the common/LoginPage !!!
	at org.testng.Assert.fail(Assert.java:94)
	at com.zapprx.testing.end2endtests.automation.pageUtils.GetPage.element(GetPage.java:65)
	at com.zapprx.testing.end2endtests.automation.pageUtils.GetPage.element(GetPage.java:45)
	at com.zapprx.testing.end2endtests.pageActions.common.LoginPageActions.loginUser(LoginPageActions.java:44)
	at com.zapprx.testing.end2endtests.pageActions.common.PatientCommonWorkflow.verifyAdminIsAbleToLogin(PatientCommonWorkflow.java:45)
	at com.zapprx.testing.end2endtests.regression.PARx.ZQ282Test.Step01_loginAdminSelectManualWorkflowMode(ZQ282Test.java:32)
	at sun.reflect.NativeMethodAccessorImpl.invoke0(Native Method)
	at sun.reflect.NativeMethodAccessorImpl.invoke(NativeMethodAccessorImpl.java:62)
	at sun.reflect.DelegatingMethodAccessorImpl.invoke(DelegatingMethodAccessorImpl.java:43)
	at java.lang.reflect.Method.invoke(Method.java:498)
	at org.testng.internal.MethodInvocationHelper.invokeMethod(MethodInvocationHelper.java:84)
	at org.testng.internal.Invoker.invokeMethod(Invoker.java:714)
	at org.testng.internal.Invoker.invokeTestMethod(Invoker.java:901)
	at org.testng.internal.Invoker.invokeTestMethods(Invoker.java:1231)
	at org.testng.internal.TestMethodWorker.invokeTestMethods(TestMethodWorker.java:127)
	at org.testng.internal.TestMethodWorker.run(TestMethodWorker.java:111)
	at org.testng.TestRunner.privateRun(TestRunner.java:767)
	at org.testng.TestRunner.run(TestRunner.java:617)
	at org.testng.SuiteRunner.runTest(SuiteRunner.java:348)
	at org.testng.SuiteRunner.runSequentially(SuiteRunner.java:343)
	at org.testng.SuiteRunner.privateRun(SuiteRunner.java:305)
	at org.testng.SuiteRunner.run(SuiteRunner.java:254)
	at org.testng.SuiteRunnerWorker.runSuite(SuiteRunnerWorker.java:52)
	at org.testng.SuiteRunnerWorker.run(SuiteRunnerWorker.java:86)
	at org.testng.TestNG.runSuitesSequentially(TestNG.java:1224)
	at org.testng.TestNG.runSuitesLocally(TestNG.java:1149)
	at org.testng.TestNG.run(TestNG.java:1057)
	at org.testng.remote.AbstractRemoteTestNG.run(AbstractRemoteTestNG.java:126)
	at org.testng.remote.RemoteTestNG.initAndRun(RemoteTestNG.java:152)
	at org.testng.remote.RemoteTestNG.main(RemoteTestNG.java:57)
]]>
    </error>
  </testcase> <!-- Step01_loginAdminSelectManualWorkflowMode -->
  <testcase name="Step04_onPharmacyPortalVerifyPAFormAndReqMoreInfo" time="17.562" classname="com.zapprx.testing.end2endtests.regression.PARx.ZQ282Test"/>
  <testcase name="Step03_completeRxAndSubmitPriorAuthorization" time="30.046" classname="com.zapprx.testing.end2endtests.regression.PARx.ZQ282Test"/>
</testsuite> <!-- com.zapprx.testing.end2endtests.regression.PARx.ZQ282Test -->
