<!DOCTYPE html PUBLIC "-//W3C//DTD XHTML 1.1//EN" "http://www.w3.org/TR/xhtml11/DTD/xhtml11.dtd">
<html xmlns="http://www.w3.org/1999/xhtml"><head><title>TestNG Report</title><style type="text/css">table {margin-bottom:10px;border-collapse:collapse;empty-cells:show}th,td {border:1px solid #009;padding:.25em .5em}th {vertical-align:bottom}td {vertical-align:top}table a {font-weight:bold}.stripe td {background-color: #E6EBF9}.num {text-align:right}.passedodd td {background-color: #3F3}.passedeven td {background-color: #0A0}.skippedodd td {background-color: #DDD}.skippedeven td {background-color: #CCC}.failedodd td,.attn {background-color: #F33}.failedeven td,.stripe .attn {background-color: #D00}.stacktrace {white-space:pre;font-family:monospace}.totop {font-size:85%;text-align:center;border-bottom:2px solid #000}</style></head><body><table><tr><th>Test</th><th># Passed</th><th># Skipped</th><th># Failed</th><th>Time (ms)</th><th>Included Groups</th><th>Excluded Groups</th></tr><tr><th colspan="7">ZappRx</th></tr><tr><td><a href="#t0">TC_00_Physician_Save_Signature_Test</a></td><td class="num">0</td><td class="num">0</td><td class="num">0</td><td class="num">12</td><td></td><td></td></tr><tr class="stripe"><td><a href="#t1">TC_01_Physician_Login_Test</a></td><td class="num">0</td><td class="num attn">3</td><td class="num">0</td><td class="num">46</td><td></td><td></td></tr><tr><td><a href="#t2">TC_02_DoctorRegisterAndPrescribe_Test</a></td><td class="num">0</td><td class="num attn">2</td><td class="num">0</td><td class="num">4</td><td></td><td></td></tr><tr class="stripe"><td><a href="#t3">TC_03_DoctorUpdatePatient_Test</a></td><td class="num">0</td><td class="num attn">2</td><td class="num">0</td><td class="num">1</td><td></td><td></td></tr><tr><td><a href="#t4">TC_04_Patient_Login_Test</a></td><td class="num">0</td><td class="num attn">3</td><td class="num">0</td><td class="num">2</td><td></td><td></td></tr><tr class="stripe"><td><a href="#t5">TC_05_Pharmacy_Login_Test</a></td><td class="num">0</td><td class="num attn">3</td><td class="num">0</td><td class="num">3</td><td></td><td></td></tr><tr><td><a href="#t6">TC_06_Admin_Login_Test</a></td><td class="num">0</td><td class="num attn">1</td><td class="num">0</td><td class="num">1</td><td></td><td></td></tr><tr><th>Total</th><th class="num">0</th><th class="num attn">14</th><th class="num">0</th><th class="num">69</th><th colspan="2"></th></tr></table><table id='summary'><thead><tr><th>Class</th><th>Method</th><th>Start</th><th>Time (ms)</th></tr></thead><tbody><tr><th colspan="4">ZappRx</th></tr></tbody><tbody id="t0"></tbody><tbody id="t1"><tr><th colspan="4">TC_01_Physician_Login_Test &#8212; skipped (configuration methods)</th></tr><tr class="skippedeven"><td rowspan="5">com.zapprx.testing.end2endtests.functional.physician.PhysicianLoginTest</td><td><a href="#m0">Start_Test_Session</a></td><td rowspan="1">1491809535424</td><td rowspan="1">0</td></tr><tr class="skippedeven"><td><a href="#m1">close_Test_Session</a></td><td rowspan="1">1491809535463</td><td rowspan="1">0</td></tr><tr class="skippedeven"><td><a href="#m2">testMethodName</a></td><td rowspan="3">1491809535462</td><td rowspan="3">0</td></tr><tr class="skippedeven"><td><a href="#m3">testMethodName</a></td></tr><tr class="skippedeven"><td><a href="#m4">testMethodName</a></td></tr><tr><th colspan="4">TC_01_Physician_Login_Test &#8212; skipped</th></tr><tr class="skippedeven"><td rowspan="3">com.zapprx.testing.end2endtests.functional.physician.PhysicianLoginTest</td><td><a href="#m5">Step01_Login_As_Physician</a></td><td rowspan="1">1491809535460</td><td rowspan="1">1</td></tr><tr class="skippedeven"><td><a href="#m6">Step02_User_Is_On_HomePage</a></td><td rowspan="1">1491809535462</td><td rowspan="1">0</td></tr><tr class="skippedeven"><td><a href="#m7">Step03_User_LogOut</a></td><td rowspan="1">1491809535463</td><td rowspan="1">0</td></tr></tbody><tbody id="t2"><tr><th colspan="4">TC_02_DoctorRegisterAndPrescribe_Test &#8212; skipped (configuration methods)</th></tr><tr class="skippedeven"><td rowspan="5">com.zapprx.testing.end2endtests.functional.physician.DoctorRegisterAndPrescribeTest</td><td><a href="#m8">Start_Test_Session</a></td><td rowspan="1">1491809535490</td><td rowspan="1">0</td></tr><tr class="skippedeven"><td><a href="#m9">close_Test_Session</a></td><td rowspan="1">1491809535493</td><td rowspan="1">0</td></tr><tr class="skippedeven"><td><a href="#m10">delete_Patient</a></td><td rowspan="1">1491809535491</td><td rowspan="1">0</td></tr><tr class="skippedeven"><td><a href="#m11">testMethodName</a></td><td rowspan="2">1491809535490</td><td rowspan="2">0</td></tr><tr class="skippedeven"><td><a href="#m12">testMethodName</a></td></tr><tr><th colspan="4">TC_02_DoctorRegisterAndPrescribe_Test &#8212; skipped</th></tr><tr class="skippedeven"><td rowspan="2">com.zapprx.testing.end2endtests.functional.physician.DoctorRegisterAndPrescribeTest</td><td><a href="#m13">Step01_registerPatientAndCompleteProfile</a></td><td rowspan="1">1491809535490</td><td rowspan="1">0</td></tr><tr class="skippedeven"><td><a href="#m14">Step02_prescribePatient</a></td><td rowspan="1">1491809535491</td><td rowspan="1">0</td></tr></tbody><tbody id="t3"><tr><th colspan="4">TC_03_DoctorUpdatePatient_Test &#8212; skipped (configuration methods)</th></tr><tr class="skippedeven"><td rowspan="5">com.zapprx.testing.end2endtests.functional.physician.DoctorUpdatePatientTest</td><td><a href="#m15">Start_Test_Session</a></td><td rowspan="1">1491809535529</td><td rowspan="1">0</td></tr><tr class="skippedeven"><td><a href="#m16">close_Test_Session</a></td><td rowspan="1">1491809535530</td><td rowspan="1">0</td></tr><tr class="skippedeven"><td><a href="#m17">delete_Patient</a></td><td rowspan="1">1491809535530</td><td rowspan="1">0</td></tr><tr class="skippedeven"><td><a href="#m18">testMethodName</a></td><td rowspan="2">1491809535530</td><td rowspan="2">0</td></tr><tr class="skippedeven"><td><a href="#m19">testMethodName</a></td></tr><tr><th colspan="4">TC_03_DoctorUpdatePatient_Test &#8212; skipped</th></tr><tr class="skippedeven"><td rowspan="2">com.zapprx.testing.end2endtests.functional.physician.DoctorUpdatePatientTest</td><td><a href="#m20">Step01_registerPatientAndCompleteProfile</a></td><td rowspan="1">1491809535530</td><td rowspan="1">0</td></tr><tr class="skippedeven"><td><a href="#m21">Step02_searchPatientToUpdateAddressAndVerify</a></td><td rowspan="1">1491809535530</td><td rowspan="1">0</td></tr></tbody><tbody id="t4"><tr><th colspan="4">TC_04_Patient_Login_Test &#8212; skipped (configuration methods)</th></tr><tr class="skippedeven"><td rowspan="5">com.zapprx.testing.end2endtests.functional.patient.PatientLoginTest</td><td><a href="#m22">Start_Test_Session</a></td><td rowspan="1">1491809535563</td><td rowspan="1">0</td></tr><tr class="skippedeven"><td><a href="#m23">close_Test_Session</a></td><td rowspan="1">1491809535565</td><td rowspan="1">0</td></tr><tr class="skippedeven"><td><a href="#m24">testMethodName</a></td><td rowspan="3">1491809535564</td><td rowspan="3">0</td></tr><tr class="skippedeven"><td><a href="#m25">testMethodName</a></td></tr><tr class="skippedeven"><td><a href="#m26">testMethodName</a></td></tr><tr><th colspan="4">TC_04_Patient_Login_Test &#8212; skipped</th></tr><tr class="skippedeven"><td rowspan="3">com.zapprx.testing.end2endtests.functional.patient.PatientLoginTest</td><td><a href="#m27">Step01_Login_As_Patient</a></td><td rowspan="1">1491809535564</td><td rowspan="1">0</td></tr><tr class="skippedeven"><td><a href="#m28">Step02_User_Is_On_HomePage</a></td><td rowspan="1">1491809535564</td><td rowspan="1">0</td></tr><tr class="skippedeven"><td><a href="#m29">Step3_User_LogOut</a></td><td rowspan="1">1491809535564</td><td rowspan="1">0</td></tr></tbody><tbody id="t5"><tr><th colspan="4">TC_05_Pharmacy_Login_Test &#8212; skipped (configuration methods)</th></tr><tr class="skippedeven"><td rowspan="5">com.zapprx.testing.end2endtests.functional.pharmacy.PharmacyLoginTest</td><td><a href="#m30">Start_Test_Session</a></td><td rowspan="1">1491809535590</td><td rowspan="1">0</td></tr><tr class="skippedeven"><td><a href="#m31">close_Test_Session</a></td><td rowspan="1">1491809535592</td><td rowspan="1">0</td></tr><tr class="skippedeven"><td><a href="#m32">testMethodName</a></td><td rowspan="3">1491809535591</td><td rowspan="3">0</td></tr><tr class="skippedeven"><td><a href="#m33">testMethodName</a></td></tr><tr class="skippedeven"><td><a href="#m34">testMethodName</a></td></tr><tr><th colspan="4">TC_05_Pharmacy_Login_Test &#8212; skipped</th></tr><tr class="skippedeven"><td rowspan="3">com.zapprx.testing.end2endtests.functional.pharmacy.PharmacyLoginTest</td><td><a href="#m35">Step01_Login_As_Pharmacy</a></td><td rowspan="1">1491809535590</td><td rowspan="1">0</td></tr><tr class="skippedeven"><td><a href="#m36">Step02_User_Is_On_HomePage</a></td><td rowspan="1">1491809535591</td><td rowspan="1">0</td></tr><tr class="skippedeven"><td><a href="#m37">Step03_User_LogOut</a></td><td rowspan="1">1491809535592</td><td rowspan="1">0</td></tr></tbody><tbody id="t6"><tr><th colspan="4">TC_06_Admin_Login_Test &#8212; failed (configuration methods)</th></tr><tr class="failedeven"><td rowspan="1">com.zapprx.testing.end2endtests.regression.PhysicianProfile.SaveSigPhysicianProfileTest</td><td><a href="#m38">savePhysicianSignature</a></td><td rowspan="1">1491809534348</td><td rowspan="1">986</td></tr><tr><th colspan="4">TC_06_Admin_Login_Test &#8212; skipped (configuration methods)</th></tr><tr class="skippedeven"><td rowspan="3">com.zapprx.testing.end2endtests.functional.admin.ZQ201Test</td><td><a href="#m39">Start_Test_Session</a></td><td rowspan="1">1491809535631</td><td rowspan="1">0</td></tr><tr class="skippedeven"><td><a href="#m40">close_Test_Session</a></td><td rowspan="1">1491809535632</td><td rowspan="1">0</td></tr><tr class="skippedeven"><td><a href="#m41">testMethodName</a></td><td rowspan="1">1491809535632</td><td rowspan="1">0</td></tr><tr><th colspan="4">TC_06_Admin_Login_Test &#8212; skipped</th></tr><tr class="skippedeven"><td rowspan="1">com.zapprx.testing.end2endtests.functional.admin.ZQ201Test</td><td><a href="#m42">Step01_loginAdminAndVerifyHomePage</a></td><td rowspan="1">1491809535632</td><td rowspan="1">0</td></tr></tbody></table><h2>TC_00_Physician_Save_Signature_Test</h2><h2>TC_01_Physician_Login_Test</h2><h3 id="m0">com.zapprx.testing.end2endtests.functional.physician.PhysicianLoginTest#Start_Test_Session</h3><table class="result"></table><p class="totop"><a href="#summary">back to summary</a></p><h3 id="m1">com.zapprx.testing.end2endtests.functional.physician.PhysicianLoginTest#close_Test_Session</h3><table class="result"></table><p class="totop"><a href="#summary">back to summary</a></p><h3 id="m2">com.zapprx.testing.end2endtests.functional.physician.PhysicianLoginTest#testMethodName</h3><table class="result"></table><p class="totop"><a href="#summary">back to summary</a></p><h3 id="m3">com.zapprx.testing.end2endtests.functional.physician.PhysicianLoginTest#testMethodName</h3><table class="result"></table><p class="totop"><a href="#summary">back to summary</a></p><h3 id="m4">com.zapprx.testing.end2endtests.functional.physician.PhysicianLoginTest#testMethodName</h3><table class="result"></table><p class="totop"><a href="#summary">back to summary</a></p><h3 id="m5">com.zapprx.testing.end2endtests.functional.physician.PhysicianLoginTest#Step01_Login_As_Physician</h3><table class="result"></table><p class="totop"><a href="#summary">back to summary</a></p><h3 id="m6">com.zapprx.testing.end2endtests.functional.physician.PhysicianLoginTest#Step02_User_Is_On_HomePage</h3><table class="result"></table><p class="totop"><a href="#summary">back to summary</a></p><h3 id="m7">com.zapprx.testing.end2endtests.functional.physician.PhysicianLoginTest#Step03_User_LogOut</h3><table class="result"></table><p class="totop"><a href="#summary">back to summary</a></p><h2>TC_02_DoctorRegisterAndPrescribe_Test</h2><h3 id="m8">com.zapprx.testing.end2endtests.functional.physician.DoctorRegisterAndPrescribeTest#Start_Test_Session</h3><table class="result"></table><p class="totop"><a href="#summary">back to summary</a></p><h3 id="m9">com.zapprx.testing.end2endtests.functional.physician.DoctorRegisterAndPrescribeTest#close_Test_Session</h3><table class="result"></table><p class="totop"><a href="#summary">back to summary</a></p><h3 id="m10">com.zapprx.testing.end2endtests.functional.physician.DoctorRegisterAndPrescribeTest#delete_Patient</h3><table class="result"></table><p class="totop"><a href="#summary">back to summary</a></p><h3 id="m11">com.zapprx.testing.end2endtests.functional.physician.DoctorRegisterAndPrescribeTest#testMethodName</h3><table class="result"></table><p class="totop"><a href="#summary">back to summary</a></p><h3 id="m12">com.zapprx.testing.end2endtests.functional.physician.DoctorRegisterAndPrescribeTest#testMethodName</h3><table class="result"></table><p class="totop"><a href="#summary">back to summary</a></p><h3 id="m13">com.zapprx.testing.end2endtests.functional.physician.DoctorRegisterAndPrescribeTest#Step01_registerPatientAndCompleteProfile</h3><table class="result"></table><p class="totop"><a href="#summary">back to summary</a></p><h3 id="m14">com.zapprx.testing.end2endtests.functional.physician.DoctorRegisterAndPrescribeTest#Step02_prescribePatient</h3><table class="result"></table><p class="totop"><a href="#summary">back to summary</a></p><h2>TC_03_DoctorUpdatePatient_Test</h2><h3 id="m15">com.zapprx.testing.end2endtests.functional.physician.DoctorUpdatePatientTest#Start_Test_Session</h3><table class="result"></table><p class="totop"><a href="#summary">back to summary</a></p><h3 id="m16">com.zapprx.testing.end2endtests.functional.physician.DoctorUpdatePatientTest#close_Test_Session</h3><table class="result"></table><p class="totop"><a href="#summary">back to summary</a></p><h3 id="m17">com.zapprx.testing.end2endtests.functional.physician.DoctorUpdatePatientTest#delete_Patient</h3><table class="result"></table><p class="totop"><a href="#summary">back to summary</a></p><h3 id="m18">com.zapprx.testing.end2endtests.functional.physician.DoctorUpdatePatientTest#testMethodName</h3><table class="result"></table><p class="totop"><a href="#summary">back to summary</a></p><h3 id="m19">com.zapprx.testing.end2endtests.functional.physician.DoctorUpdatePatientTest#testMethodName</h3><table class="result"></table><p class="totop"><a href="#summary">back to summary</a></p><h3 id="m20">com.zapprx.testing.end2endtests.functional.physician.DoctorUpdatePatientTest#Step01_registerPatientAndCompleteProfile</h3><table class="result"></table><p class="totop"><a href="#summary">back to summary</a></p><h3 id="m21">com.zapprx.testing.end2endtests.functional.physician.DoctorUpdatePatientTest#Step02_searchPatientToUpdateAddressAndVerify</h3><table class="result"></table><p class="totop"><a href="#summary">back to summary</a></p><h2>TC_04_Patient_Login_Test</h2><h3 id="m22">com.zapprx.testing.end2endtests.functional.patient.PatientLoginTest#Start_Test_Session</h3><table class="result"></table><p class="totop"><a href="#summary">back to summary</a></p><h3 id="m23">com.zapprx.testing.end2endtests.functional.patient.PatientLoginTest#close_Test_Session</h3><table class="result"></table><p class="totop"><a href="#summary">back to summary</a></p><h3 id="m24">com.zapprx.testing.end2endtests.functional.patient.PatientLoginTest#testMethodName</h3><table class="result"></table><p class="totop"><a href="#summary">back to summary</a></p><h3 id="m25">com.zapprx.testing.end2endtests.functional.patient.PatientLoginTest#testMethodName</h3><table class="result"></table><p class="totop"><a href="#summary">back to summary</a></p><h3 id="m26">com.zapprx.testing.end2endtests.functional.patient.PatientLoginTest#testMethodName</h3><table class="result"></table><p class="totop"><a href="#summary">back to summary</a></p><h3 id="m27">com.zapprx.testing.end2endtests.functional.patient.PatientLoginTest#Step01_Login_As_Patient</h3><table class="result"></table><p class="totop"><a href="#summary">back to summary</a></p><h3 id="m28">com.zapprx.testing.end2endtests.functional.patient.PatientLoginTest#Step02_User_Is_On_HomePage</h3><table class="result"></table><p class="totop"><a href="#summary">back to summary</a></p><h3 id="m29">com.zapprx.testing.end2endtests.functional.patient.PatientLoginTest#Step3_User_LogOut</h3><table class="result"></table><p class="totop"><a href="#summary">back to summary</a></p><h2>TC_05_Pharmacy_Login_Test</h2><h3 id="m30">com.zapprx.testing.end2endtests.functional.pharmacy.PharmacyLoginTest#Start_Test_Session</h3><table class="result"></table><p class="totop"><a href="#summary">back to summary</a></p><h3 id="m31">com.zapprx.testing.end2endtests.functional.pharmacy.PharmacyLoginTest#close_Test_Session</h3><table class="result"></table><p class="totop"><a href="#summary">back to summary</a></p><h3 id="m32">com.zapprx.testing.end2endtests.functional.pharmacy.PharmacyLoginTest#testMethodName</h3><table class="result"></table><p class="totop"><a href="#summary">back to summary</a></p><h3 id="m33">com.zapprx.testing.end2endtests.functional.pharmacy.PharmacyLoginTest#testMethodName</h3><table class="result"></table><p class="totop"><a href="#summary">back to summary</a></p><h3 id="m34">com.zapprx.testing.end2endtests.functional.pharmacy.PharmacyLoginTest#testMethodName</h3><table class="result"></table><p class="totop"><a href="#summary">back to summary</a></p><h3 id="m35">com.zapprx.testing.end2endtests.functional.pharmacy.PharmacyLoginTest#Step01_Login_As_Pharmacy</h3><table class="result"></table><p class="totop"><a href="#summary">back to summary</a></p><h3 id="m36">com.zapprx.testing.end2endtests.functional.pharmacy.PharmacyLoginTest#Step02_User_Is_On_HomePage</h3><table class="result"></table><p class="totop"><a href="#summary">back to summary</a></p><h3 id="m37">com.zapprx.testing.end2endtests.functional.pharmacy.PharmacyLoginTest#Step03_User_LogOut</h3><table class="result"></table><p class="totop"><a href="#summary">back to summary</a></p><h2>TC_06_Admin_Login_Test</h2><h3 id="m38">com.zapprx.testing.end2endtests.regression.PhysicianProfile.SaveSigPhysicianProfileTest#savePhysicianSignature</h3><table class="result"><tr><th>Exception</th></tr><tr><td><div class="stacktrace">java.lang.ExceptionInInitializerError
	at org.openqa.selenium.firefox.FirefoxProfile.layoutOnDisk(FirefoxProfile.java:416)
	at org.openqa.selenium.firefox.internal.NewProfileExtensionConnection.start(NewProfileExtensionConnection.java:85)
	at org.openqa.selenium.firefox.FirefoxDriver.startClient(FirefoxDriver.java:271)
	at org.openqa.selenium.remote.RemoteWebDriver.&lt;init&gt;(RemoteWebDriver.java:119)
	at org.openqa.selenium.firefox.FirefoxDriver.&lt;init&gt;(FirefoxDriver.java:216)
	at org.openqa.selenium.firefox.FirefoxDriver.&lt;init&gt;(FirefoxDriver.java:211)
	at org.openqa.selenium.firefox.FirefoxDriver.&lt;init&gt;(FirefoxDriver.java:207)
	at org.openqa.selenium.firefox.FirefoxDriver.&lt;init&gt;(FirefoxDriver.java:124)
	at com.zapprx.testing.end2endtests.automation.WebDriverFactory.getFirefoxDriver(WebDriverFactory.java:124)
	at com.zapprx.testing.end2endtests.automation.WebDriverFactory.getDriver(WebDriverFactory.java:38)
	at com.zapprx.testing.end2endtests.automation.TestSessionInitiator._configureBrowser(TestSessionInitiator.java:150)
	at com.zapprx.testing.end2endtests.automation.TestSessionInitiator.testInitiator(TestSessionInitiator.java:143)
	at com.zapprx.testing.end2endtests.automation.TestSessionInitiator.&lt;init&gt;(TestSessionInitiator.java:138)
	at com.zapprx.testing.end2endtests.regression.PhysicianProfile.SaveSigPhysicianProfileTest.savePhysicianSignature(SaveSigPhysicianProfileTest.java:21)
Caused by: org.openqa.selenium.WebDriverException: Unable to find tmp dir: F:\tmp
Build info: version: &apos;2.53.1&apos;, revision: &apos;a36b8b1cd5757287168e54b817830adce9b0158d&apos;, time: &apos;2016-06-30 19:26:09&apos;
System info: host: &apos;LAB00W7FCA-15&apos;, ip: &apos;172.20.3.175&apos;, os.name: &apos;Windows 7&apos;, os.arch: &apos;amd64&apos;, os.version: &apos;6.1&apos;, java.version: &apos;1.8.0_60&apos;
Driver info: driver.version: FirefoxDriver
	at org.openqa.selenium.io.TemporaryFilesystem.&lt;init&gt;(TemporaryFilesystem.java:65)
	at org.openqa.selenium.io.TemporaryFilesystem.&lt;clinit&gt;(TemporaryFilesystem.java:42)
	... 42 more
... Removed 28 stack frames</div></td></tr></table><p class="totop"><a href="#summary">back to summary</a></p><h3 id="m39">com.zapprx.testing.end2endtests.functional.admin.ZQ201Test#Start_Test_Session</h3><table class="result"></table><p class="totop"><a href="#summary">back to summary</a></p><h3 id="m40">com.zapprx.testing.end2endtests.functional.admin.ZQ201Test#close_Test_Session</h3><table class="result"></table><p class="totop"><a href="#summary">back to summary</a></p><h3 id="m41">com.zapprx.testing.end2endtests.functional.admin.ZQ201Test#testMethodName</h3><table class="result"></table><p class="totop"><a href="#summary">back to summary</a></p><h3 id="m42">com.zapprx.testing.end2endtests.functional.admin.ZQ201Test#Step01_loginAdminAndVerifyHomePage</h3><table class="result"><tr><th>Exception</th></tr><tr><td><div class="stacktrace">java.lang.ExceptionInInitializerError
	at org.openqa.selenium.firefox.FirefoxProfile.layoutOnDisk(FirefoxProfile.java:416)
	at org.openqa.selenium.firefox.internal.NewProfileExtensionConnection.start(NewProfileExtensionConnection.java:85)
	at org.openqa.selenium.firefox.FirefoxDriver.startClient(FirefoxDriver.java:271)
	at org.openqa.selenium.remote.RemoteWebDriver.&lt;init&gt;(RemoteWebDriver.java:119)
	at org.openqa.selenium.firefox.FirefoxDriver.&lt;init&gt;(FirefoxDriver.java:216)
	at org.openqa.selenium.firefox.FirefoxDriver.&lt;init&gt;(FirefoxDriver.java:211)
	at org.openqa.selenium.firefox.FirefoxDriver.&lt;init&gt;(FirefoxDriver.java:207)
	at org.openqa.selenium.firefox.FirefoxDriver.&lt;init&gt;(FirefoxDriver.java:124)
	at com.zapprx.testing.end2endtests.automation.WebDriverFactory.getFirefoxDriver(WebDriverFactory.java:124)
	at com.zapprx.testing.end2endtests.automation.WebDriverFactory.getDriver(WebDriverFactory.java:38)
	at com.zapprx.testing.end2endtests.automation.TestSessionInitiator._configureBrowser(TestSessionInitiator.java:150)
	at com.zapprx.testing.end2endtests.automation.TestSessionInitiator.testInitiator(TestSessionInitiator.java:143)
	at com.zapprx.testing.end2endtests.automation.TestSessionInitiator.&lt;init&gt;(TestSessionInitiator.java:138)
	at com.zapprx.testing.end2endtests.regression.PhysicianProfile.SaveSigPhysicianProfileTest.savePhysicianSignature(SaveSigPhysicianProfileTest.java:21)
Caused by: org.openqa.selenium.WebDriverException: Unable to find tmp dir: F:\tmp
Build info: version: &apos;2.53.1&apos;, revision: &apos;a36b8b1cd5757287168e54b817830adce9b0158d&apos;, time: &apos;2016-06-30 19:26:09&apos;
System info: host: &apos;LAB00W7FCA-15&apos;, ip: &apos;172.20.3.175&apos;, os.name: &apos;Windows 7&apos;, os.arch: &apos;amd64&apos;, os.version: &apos;6.1&apos;, java.version: &apos;1.8.0_60&apos;
Driver info: driver.version: FirefoxDriver
	at org.openqa.selenium.io.TemporaryFilesystem.&lt;init&gt;(TemporaryFilesystem.java:65)
	at org.openqa.selenium.io.TemporaryFilesystem.&lt;clinit&gt;(TemporaryFilesystem.java:42)
	... 42 more
... Removed 28 stack frames</div></td></tr></table><p class="totop"><a href="#summary">back to summary</a></p></body></html>