<?xml version="1.0" encoding="UTF-8"?>
<testng-results skipped="14" failed="0" ignored="0" total="14" passed="0">
  <reporter-output>
  </reporter-output>
  <suite name="ZappRx" duration-ms="282" started-at="2017-04-10T07:32:15Z" finished-at="2017-04-10T07:32:15Z">
    <groups>
    </groups>
    <test name="TC_00_Physician_Save_Signature_Test" duration-ms="12" started-at="2017-04-10T07:32:15Z" finished-at="2017-04-10T07:32:15Z">
    </test> <!-- TC_00_Physician_Save_Signature_Test -->
    <test name="TC_01_Physician_Login_Test" duration-ms="46" started-at="2017-04-10T07:32:15Z" finished-at="2017-04-10T07:32:15Z">
      <class name="com.zapprx.testing.end2endtests.functional.physician.PhysicianLoginTest">
        <test-method status="SKIP" signature="Start_Test_Session()[pri:0, instance:com.zapprx.testing.end2endtests.functional.physician.PhysicianLoginTest@3a03464]" name="Start_Test_Session" is-config="true" duration-ms="0" started-at="2017-04-10T17:32:15Z" finished-at="2017-04-10T17:32:15Z">
          <reporter-output>
          </reporter-output>
        </test-method> <!-- Start_Test_Session -->
        <test-method status="SKIP" signature="Step01_Login_As_Physician()[pri:0, instance:com.zapprx.testing.end2endtests.functional.physician.PhysicianLoginTest@3a03464]" name="Step01_Login_As_Physician" duration-ms="1" started-at="2017-04-10T17:32:15Z" finished-at="2017-04-10T17:32:15Z">
          <reporter-output>
          </reporter-output>
        </test-method> <!-- Step01_Login_As_Physician -->
        <test-method status="SKIP" signature="testMethodName(java.lang.reflect.Method)[pri:0, instance:com.zapprx.testing.end2endtests.functional.physician.PhysicianLoginTest@3a03464]" name="testMethodName" is-config="true" duration-ms="0" started-at="2017-04-10T17:32:15Z" finished-at="2017-04-10T17:32:15Z">
          <reporter-output>
          </reporter-output>
        </test-method> <!-- testMethodName -->
        <test-method status="SKIP" signature="Step02_User_Is_On_HomePage()[pri:0, instance:com.zapprx.testing.end2endtests.functional.physician.PhysicianLoginTest@3a03464]" name="Step02_User_Is_On_HomePage" duration-ms="0" started-at="2017-04-10T17:32:15Z" finished-at="2017-04-10T17:32:15Z">
          <reporter-output>
          </reporter-output>
        </test-method> <!-- Step02_User_Is_On_HomePage -->
        <test-method status="SKIP" signature="testMethodName(java.lang.reflect.Method)[pri:0, instance:com.zapprx.testing.end2endtests.functional.physician.PhysicianLoginTest@3a03464]" name="testMethodName" is-config="true" duration-ms="0" started-at="2017-04-10T17:32:15Z" finished-at="2017-04-10T17:32:15Z">
          <reporter-output>
          </reporter-output>
        </test-method> <!-- testMethodName -->
        <test-method status="SKIP" signature="testMethodName(java.lang.reflect.Method)[pri:0, instance:com.zapprx.testing.end2endtests.functional.physician.PhysicianLoginTest@3a03464]" name="testMethodName" is-config="true" duration-ms="0" started-at="2017-04-10T17:32:15Z" finished-at="2017-04-10T17:32:15Z">
          <reporter-output>
          </reporter-output>
        </test-method> <!-- testMethodName -->
        <test-method status="SKIP" signature="close_Test_Session()[pri:0, instance:com.zapprx.testing.end2endtests.functional.physician.PhysicianLoginTest@3a03464]" name="close_Test_Session" is-config="true" duration-ms="0" started-at="2017-04-10T17:32:15Z" finished-at="2017-04-10T17:32:15Z">
          <reporter-output>
          </reporter-output>
        </test-method> <!-- close_Test_Session -->
        <test-method status="SKIP" signature="Step03_User_LogOut()[pri:0, instance:com.zapprx.testing.end2endtests.functional.physician.PhysicianLoginTest@3a03464]" name="Step03_User_LogOut" duration-ms="0" started-at="2017-04-10T17:32:15Z" finished-at="2017-04-10T17:32:15Z">
          <reporter-output>
          </reporter-output>
        </test-method> <!-- Step03_User_LogOut -->
      </class> <!-- com.zapprx.testing.end2endtests.functional.physician.PhysicianLoginTest -->
    </test> <!-- TC_01_Physician_Login_Test -->
    <test name="TC_02_DoctorRegisterAndPrescribe_Test" duration-ms="4" started-at="2017-04-10T07:32:15Z" finished-at="2017-04-10T07:32:15Z">
      <class name="com.zapprx.testing.end2endtests.functional.physician.DoctorRegisterAndPrescribeTest">
        <test-method status="SKIP" signature="Step01_registerPatientAndCompleteProfile()[pri:0, instance:com.zapprx.testing.end2endtests.functional.physician.DoctorRegisterAndPrescribeTest@3cbbc1e0]" name="Step01_registerPatientAndCompleteProfile" duration-ms="0" started-at="2017-04-10T17:32:15Z" finished-at="2017-04-10T17:32:15Z">
          <reporter-output>
          </reporter-output>
        </test-method> <!-- Step01_registerPatientAndCompleteProfile -->
        <test-method status="SKIP" signature="testMethodName(java.lang.reflect.Method)[pri:0, instance:com.zapprx.testing.end2endtests.functional.physician.DoctorRegisterAndPrescribeTest@3cbbc1e0]" name="testMethodName" is-config="true" duration-ms="0" started-at="2017-04-10T17:32:15Z" finished-at="2017-04-10T17:32:15Z">
          <reporter-output>
          </reporter-output>
        </test-method> <!-- testMethodName -->
        <test-method status="SKIP" signature="Start_Test_Session()[pri:0, instance:com.zapprx.testing.end2endtests.functional.physician.DoctorRegisterAndPrescribeTest@3cbbc1e0]" name="Start_Test_Session" is-config="true" duration-ms="0" started-at="2017-04-10T17:32:15Z" finished-at="2017-04-10T17:32:15Z">
          <reporter-output>
          </reporter-output>
        </test-method> <!-- Start_Test_Session -->
        <test-method status="SKIP" signature="Step02_prescribePatient()[pri:0, instance:com.zapprx.testing.end2endtests.functional.physician.DoctorRegisterAndPrescribeTest@3cbbc1e0]" name="Step02_prescribePatient" duration-ms="0" started-at="2017-04-10T17:32:15Z" finished-at="2017-04-10T17:32:15Z">
          <reporter-output>
          </reporter-output>
        </test-method> <!-- Step02_prescribePatient -->
        <test-method status="SKIP" signature="delete_Patient()[pri:0, instance:com.zapprx.testing.end2endtests.functional.physician.DoctorRegisterAndPrescribeTest@3cbbc1e0]" name="delete_Patient" is-config="true" duration-ms="0" started-at="2017-04-10T17:32:15Z" finished-at="2017-04-10T17:32:15Z">
          <reporter-output>
          </reporter-output>
        </test-method> <!-- delete_Patient -->
        <test-method status="SKIP" signature="testMethodName(java.lang.reflect.Method)[pri:0, instance:com.zapprx.testing.end2endtests.functional.physician.DoctorRegisterAndPrescribeTest@3cbbc1e0]" name="testMethodName" is-config="true" duration-ms="0" started-at="2017-04-10T17:32:15Z" finished-at="2017-04-10T17:32:15Z">
          <reporter-output>
          </reporter-output>
        </test-method> <!-- testMethodName -->
        <test-method status="SKIP" signature="close_Test_Session()[pri:0, instance:com.zapprx.testing.end2endtests.functional.physician.DoctorRegisterAndPrescribeTest@3cbbc1e0]" name="close_Test_Session" is-config="true" duration-ms="0" started-at="2017-04-10T17:32:15Z" finished-at="2017-04-10T17:32:15Z">
          <reporter-output>
          </reporter-output>
        </test-method> <!-- close_Test_Session -->
      </class> <!-- com.zapprx.testing.end2endtests.functional.physician.DoctorRegisterAndPrescribeTest -->
    </test> <!-- TC_02_DoctorRegisterAndPrescribe_Test -->
    <test name="TC_03_DoctorUpdatePatient_Test" duration-ms="1" started-at="2017-04-10T07:32:15Z" finished-at="2017-04-10T07:32:15Z">
      <class name="com.zapprx.testing.end2endtests.functional.physician.DoctorUpdatePatientTest">
        <test-method status="SKIP" signature="Start_Test_Session()[pri:0, instance:com.zapprx.testing.end2endtests.functional.physician.DoctorUpdatePatientTest@52af6cff]" name="Start_Test_Session" is-config="true" duration-ms="0" started-at="2017-04-10T17:32:15Z" finished-at="2017-04-10T17:32:15Z">
          <reporter-output>
          </reporter-output>
        </test-method> <!-- Start_Test_Session -->
        <test-method status="SKIP" signature="testMethodName(java.lang.reflect.Method)[pri:0, instance:com.zapprx.testing.end2endtests.functional.physician.DoctorUpdatePatientTest@52af6cff]" name="testMethodName" is-config="true" duration-ms="0" started-at="2017-04-10T17:32:15Z" finished-at="2017-04-10T17:32:15Z">
          <reporter-output>
          </reporter-output>
        </test-method> <!-- testMethodName -->
        <test-method status="SKIP" signature="Step01_registerPatientAndCompleteProfile()[pri:0, instance:com.zapprx.testing.end2endtests.functional.physician.DoctorUpdatePatientTest@52af6cff]" name="Step01_registerPatientAndCompleteProfile" duration-ms="0" started-at="2017-04-10T17:32:15Z" finished-at="2017-04-10T17:32:15Z">
          <reporter-output>
          </reporter-output>
        </test-method> <!-- Step01_registerPatientAndCompleteProfile -->
        <test-method status="SKIP" signature="testMethodName(java.lang.reflect.Method)[pri:0, instance:com.zapprx.testing.end2endtests.functional.physician.DoctorUpdatePatientTest@52af6cff]" name="testMethodName" is-config="true" duration-ms="0" started-at="2017-04-10T17:32:15Z" finished-at="2017-04-10T17:32:15Z">
          <reporter-output>
          </reporter-output>
        </test-method> <!-- testMethodName -->
        <test-method status="SKIP" signature="Step02_searchPatientToUpdateAddressAndVerify()[pri:0, instance:com.zapprx.testing.end2endtests.functional.physician.DoctorUpdatePatientTest@52af6cff]" name="Step02_searchPatientToUpdateAddressAndVerify" duration-ms="0" started-at="2017-04-10T17:32:15Z" finished-at="2017-04-10T17:32:15Z">
          <reporter-output>
          </reporter-output>
        </test-method> <!-- Step02_searchPatientToUpdateAddressAndVerify -->
        <test-method status="SKIP" signature="close_Test_Session()[pri:0, instance:com.zapprx.testing.end2endtests.functional.physician.DoctorUpdatePatientTest@52af6cff]" name="close_Test_Session" is-config="true" duration-ms="0" started-at="2017-04-10T17:32:15Z" finished-at="2017-04-10T17:32:15Z">
          <reporter-output>
          </reporter-output>
        </test-method> <!-- close_Test_Session -->
        <test-method status="SKIP" signature="delete_Patient()[pri:0, instance:com.zapprx.testing.end2endtests.functional.physician.DoctorUpdatePatientTest@52af6cff]" name="delete_Patient" is-config="true" duration-ms="0" started-at="2017-04-10T17:32:15Z" finished-at="2017-04-10T17:32:15Z">
          <reporter-output>
          </reporter-output>
        </test-method> <!-- delete_Patient -->
      </class> <!-- com.zapprx.testing.end2endtests.functional.physician.DoctorUpdatePatientTest -->
    </test> <!-- TC_03_DoctorUpdatePatient_Test -->
    <test name="TC_04_Patient_Login_Test" duration-ms="2" started-at="2017-04-10T07:32:15Z" finished-at="2017-04-10T07:32:15Z">
      <class name="com.zapprx.testing.end2endtests.functional.patient.PatientLoginTest">
        <test-method status="SKIP" signature="Start_Test_Session()[pri:0, instance:com.zapprx.testing.end2endtests.functional.patient.PatientLoginTest@2cb4c3ab]" name="Start_Test_Session" is-config="true" duration-ms="0" started-at="2017-04-10T17:32:15Z" finished-at="2017-04-10T17:32:15Z">
          <reporter-output>
          </reporter-output>
        </test-method> <!-- Start_Test_Session -->
        <test-method status="SKIP" signature="Step01_Login_As_Patient()[pri:0, instance:com.zapprx.testing.end2endtests.functional.patient.PatientLoginTest@2cb4c3ab]" name="Step01_Login_As_Patient" duration-ms="0" started-at="2017-04-10T17:32:15Z" finished-at="2017-04-10T17:32:15Z">
          <reporter-output>
          </reporter-output>
        </test-method> <!-- Step01_Login_As_Patient -->
        <test-method status="SKIP" signature="Step02_User_Is_On_HomePage()[pri:0, instance:com.zapprx.testing.end2endtests.functional.patient.PatientLoginTest@2cb4c3ab]" name="Step02_User_Is_On_HomePage" duration-ms="0" started-at="2017-04-10T17:32:15Z" finished-at="2017-04-10T17:32:15Z">
          <reporter-output>
          </reporter-output>
        </test-method> <!-- Step02_User_Is_On_HomePage -->
        <test-method status="SKIP" signature="testMethodName(java.lang.reflect.Method)[pri:0, instance:com.zapprx.testing.end2endtests.functional.patient.PatientLoginTest@2cb4c3ab]" name="testMethodName" is-config="true" duration-ms="0" started-at="2017-04-10T17:32:15Z" finished-at="2017-04-10T17:32:15Z">
          <reporter-output>
          </reporter-output>
        </test-method> <!-- testMethodName -->
        <test-method status="SKIP" signature="testMethodName(java.lang.reflect.Method)[pri:0, instance:com.zapprx.testing.end2endtests.functional.patient.PatientLoginTest@2cb4c3ab]" name="testMethodName" is-config="true" duration-ms="0" started-at="2017-04-10T17:32:15Z" finished-at="2017-04-10T17:32:15Z">
          <reporter-output>
          </reporter-output>
        </test-method> <!-- testMethodName -->
        <test-method status="SKIP" signature="Step3_User_LogOut()[pri:0, instance:com.zapprx.testing.end2endtests.functional.patient.PatientLoginTest@2cb4c3ab]" name="Step3_User_LogOut" duration-ms="0" started-at="2017-04-10T17:32:15Z" finished-at="2017-04-10T17:32:15Z">
          <reporter-output>
          </reporter-output>
        </test-method> <!-- Step3_User_LogOut -->
        <test-method status="SKIP" signature="testMethodName(java.lang.reflect.Method)[pri:0, instance:com.zapprx.testing.end2endtests.functional.patient.PatientLoginTest@2cb4c3ab]" name="testMethodName" is-config="true" duration-ms="0" started-at="2017-04-10T17:32:15Z" finished-at="2017-04-10T17:32:15Z">
          <reporter-output>
          </reporter-output>
        </test-method> <!-- testMethodName -->
        <test-method status="SKIP" signature="close_Test_Session()[pri:0, instance:com.zapprx.testing.end2endtests.functional.patient.PatientLoginTest@2cb4c3ab]" name="close_Test_Session" is-config="true" duration-ms="0" started-at="2017-04-10T17:32:15Z" finished-at="2017-04-10T17:32:15Z">
          <reporter-output>
          </reporter-output>
        </test-method> <!-- close_Test_Session -->
      </class> <!-- com.zapprx.testing.end2endtests.functional.patient.PatientLoginTest -->
    </test> <!-- TC_04_Patient_Login_Test -->
    <test name="TC_05_Pharmacy_Login_Test" duration-ms="3" started-at="2017-04-10T07:32:15Z" finished-at="2017-04-10T07:32:15Z">
      <class name="com.zapprx.testing.end2endtests.functional.pharmacy.PharmacyLoginTest">
        <test-method status="SKIP" signature="Start_Test_Session()[pri:0, instance:com.zapprx.testing.end2endtests.functional.pharmacy.PharmacyLoginTest@7f560810]" name="Start_Test_Session" is-config="true" duration-ms="0" started-at="2017-04-10T17:32:15Z" finished-at="2017-04-10T17:32:15Z">
          <reporter-output>
          </reporter-output>
        </test-method> <!-- Start_Test_Session -->
        <test-method status="SKIP" signature="Step01_Login_As_Pharmacy()[pri:0, instance:com.zapprx.testing.end2endtests.functional.pharmacy.PharmacyLoginTest@7f560810]" name="Step01_Login_As_Pharmacy" duration-ms="0" started-at="2017-04-10T17:32:15Z" finished-at="2017-04-10T17:32:15Z">
          <reporter-output>
          </reporter-output>
        </test-method> <!-- Step01_Login_As_Pharmacy -->
        <test-method status="SKIP" signature="testMethodName(java.lang.reflect.Method)[pri:0, instance:com.zapprx.testing.end2endtests.functional.pharmacy.PharmacyLoginTest@7f560810]" name="testMethodName" is-config="true" duration-ms="0" started-at="2017-04-10T17:32:15Z" finished-at="2017-04-10T17:32:15Z">
          <reporter-output>
          </reporter-output>
        </test-method> <!-- testMethodName -->
        <test-method status="SKIP" signature="testMethodName(java.lang.reflect.Method)[pri:0, instance:com.zapprx.testing.end2endtests.functional.pharmacy.PharmacyLoginTest@7f560810]" name="testMethodName" is-config="true" duration-ms="0" started-at="2017-04-10T17:32:15Z" finished-at="2017-04-10T17:32:15Z">
          <reporter-output>
          </reporter-output>
        </test-method> <!-- testMethodName -->
        <test-method status="SKIP" signature="testMethodName(java.lang.reflect.Method)[pri:0, instance:com.zapprx.testing.end2endtests.functional.pharmacy.PharmacyLoginTest@7f560810]" name="testMethodName" is-config="true" duration-ms="0" started-at="2017-04-10T17:32:15Z" finished-at="2017-04-10T17:32:15Z">
          <reporter-output>
          </reporter-output>
        </test-method> <!-- testMethodName -->
        <test-method status="SKIP" signature="Step02_User_Is_On_HomePage()[pri:0, instance:com.zapprx.testing.end2endtests.functional.pharmacy.PharmacyLoginTest@7f560810]" name="Step02_User_Is_On_HomePage" duration-ms="0" started-at="2017-04-10T17:32:15Z" finished-at="2017-04-10T17:32:15Z">
          <reporter-output>
          </reporter-output>
        </test-method> <!-- Step02_User_Is_On_HomePage -->
        <test-method status="SKIP" signature="Step03_User_LogOut()[pri:0, instance:com.zapprx.testing.end2endtests.functional.pharmacy.PharmacyLoginTest@7f560810]" name="Step03_User_LogOut" duration-ms="0" started-at="2017-04-10T17:32:15Z" finished-at="2017-04-10T17:32:15Z">
          <reporter-output>
          </reporter-output>
        </test-method> <!-- Step03_User_LogOut -->
        <test-method status="SKIP" signature="close_Test_Session()[pri:0, instance:com.zapprx.testing.end2endtests.functional.pharmacy.PharmacyLoginTest@7f560810]" name="close_Test_Session" is-config="true" duration-ms="0" started-at="2017-04-10T17:32:15Z" finished-at="2017-04-10T17:32:15Z">
          <reporter-output>
          </reporter-output>
        </test-method> <!-- close_Test_Session -->
      </class> <!-- com.zapprx.testing.end2endtests.functional.pharmacy.PharmacyLoginTest -->
    </test> <!-- TC_05_Pharmacy_Login_Test -->
    <test name="TC_06_Admin_Login_Test" duration-ms="1" started-at="2017-04-10T07:32:15Z" finished-at="2017-04-10T07:32:15Z">
      <class name="com.zapprx.testing.end2endtests.regression.PhysicianProfile.SaveSigPhysicianProfileTest">
        <test-method status="FAIL" signature="savePhysicianSignature()[pri:0, instance:com.zapprx.testing.end2endtests.regression.PhysicianProfile.SaveSigPhysicianProfileTest@79698539]" name="savePhysicianSignature" is-config="true" duration-ms="986" started-at="2017-04-10T17:32:14Z" finished-at="2017-04-10T17:32:15Z">
          <exception class="java.lang.ExceptionInInitializerError">
            <full-stacktrace>
              <![CDATA[java.lang.ExceptionInInitializerError
	at org.openqa.selenium.firefox.FirefoxProfile.layoutOnDisk(FirefoxProfile.java:416)
	at org.openqa.selenium.firefox.internal.NewProfileExtensionConnection.start(NewProfileExtensionConnection.java:85)
	at org.openqa.selenium.firefox.FirefoxDriver.startClient(FirefoxDriver.java:271)
	at org.openqa.selenium.remote.RemoteWebDriver.<init>(RemoteWebDriver.java:119)
	at org.openqa.selenium.firefox.FirefoxDriver.<init>(FirefoxDriver.java:216)
	at org.openqa.selenium.firefox.FirefoxDriver.<init>(FirefoxDriver.java:211)
	at org.openqa.selenium.firefox.FirefoxDriver.<init>(FirefoxDriver.java:207)
	at org.openqa.selenium.firefox.FirefoxDriver.<init>(FirefoxDriver.java:124)
	at com.zapprx.testing.end2endtests.automation.WebDriverFactory.getFirefoxDriver(WebDriverFactory.java:124)
	at com.zapprx.testing.end2endtests.automation.WebDriverFactory.getDriver(WebDriverFactory.java:38)
	at com.zapprx.testing.end2endtests.automation.TestSessionInitiator._configureBrowser(TestSessionInitiator.java:150)
	at com.zapprx.testing.end2endtests.automation.TestSessionInitiator.testInitiator(TestSessionInitiator.java:143)
	at com.zapprx.testing.end2endtests.automation.TestSessionInitiator.<init>(TestSessionInitiator.java:138)
	at com.zapprx.testing.end2endtests.regression.PhysicianProfile.SaveSigPhysicianProfileTest.savePhysicianSignature(SaveSigPhysicianProfileTest.java:21)
	at sun.reflect.NativeMethodAccessorImpl.invoke0(Native Method)
	at sun.reflect.NativeMethodAccessorImpl.invoke(NativeMethodAccessorImpl.java:62)
	at sun.reflect.DelegatingMethodAccessorImpl.invoke(DelegatingMethodAccessorImpl.java:43)
	at java.lang.reflect.Method.invoke(Method.java:497)
	at org.testng.internal.MethodInvocationHelper.invokeMethod(MethodInvocationHelper.java:108)
	at org.testng.internal.Invoker.invokeConfigurationMethod(Invoker.java:523)
	at org.testng.internal.Invoker.invokeConfigurations(Invoker.java:224)
	at org.testng.internal.Invoker.invokeConfigurations(Invoker.java:146)
	at org.testng.SuiteRunner.privateRun(SuiteRunner.java:326)
	at org.testng.SuiteRunner.run(SuiteRunner.java:289)
	at org.testng.SuiteRunnerWorker.runSuite(SuiteRunnerWorker.java:52)
	at org.testng.SuiteRunnerWorker.run(SuiteRunnerWorker.java:86)
	at org.testng.TestNG.runSuitesSequentially(TestNG.java:1301)
	at org.testng.TestNG.runSuitesLocally(TestNG.java:1226)
	at org.testng.TestNG.runSuites(TestNG.java:1144)
	at org.testng.TestNG.run(TestNG.java:1115)
	at org.apache.maven.surefire.testng.TestNGExecutor.run(TestNGExecutor.java:122)
	at org.apache.maven.surefire.testng.TestNGXmlTestSuite.execute(TestNGXmlTestSuite.java:92)
	at org.apache.maven.surefire.testng.TestNGProvider.invoke(TestNGProvider.java:105)
	at sun.reflect.NativeMethodAccessorImpl.invoke0(Native Method)
	at sun.reflect.NativeMethodAccessorImpl.invoke(NativeMethodAccessorImpl.java:62)
	at sun.reflect.DelegatingMethodAccessorImpl.invoke(DelegatingMethodAccessorImpl.java:43)
	at java.lang.reflect.Method.invoke(Method.java:497)
	at org.apache.maven.surefire.util.ReflectionUtils.invokeMethodWithArray(ReflectionUtils.java:188)
	at org.apache.maven.surefire.booter.ProviderFactory$ProviderProxy.invoke(ProviderFactory.java:166)
	at org.apache.maven.surefire.booter.ProviderFactory.invokeProvider(ProviderFactory.java:86)
	at org.apache.maven.surefire.booter.ForkedBooter.runSuitesInProcess(ForkedBooter.java:101)
	at org.apache.maven.surefire.booter.ForkedBooter.main(ForkedBooter.java:74)
Caused by: org.openqa.selenium.WebDriverException: Unable to find tmp dir: F:\tmp
Build info: version: '2.53.1', revision: 'a36b8b1cd5757287168e54b817830adce9b0158d', time: '2016-06-30 19:26:09'
System info: host: 'LAB00W7FCA-15', ip: '172.20.3.175', os.name: 'Windows 7', os.arch: 'amd64', os.version: '6.1', java.version: '1.8.0_60'
Driver info: driver.version: FirefoxDriver
	at org.openqa.selenium.io.TemporaryFilesystem.<init>(TemporaryFilesystem.java:65)
	at org.openqa.selenium.io.TemporaryFilesystem.<clinit>(TemporaryFilesystem.java:42)
	... 42 more
]]>
            </full-stacktrace>
          </exception> <!-- java.lang.ExceptionInInitializerError -->
          <reporter-output>
          </reporter-output>
        </test-method> <!-- savePhysicianSignature -->
      </class> <!-- com.zapprx.testing.end2endtests.regression.PhysicianProfile.SaveSigPhysicianProfileTest -->
      <class name="com.zapprx.testing.end2endtests.functional.admin.ZQ201Test">
        <test-method status="SKIP" signature="Start_Test_Session()[pri:0, instance:com.zapprx.testing.end2endtests.functional.admin.ZQ201Test@39fb3ab6]" name="Start_Test_Session" is-config="true" duration-ms="0" started-at="2017-04-10T17:32:15Z" finished-at="2017-04-10T17:32:15Z">
          <reporter-output>
          </reporter-output>
        </test-method> <!-- Start_Test_Session -->
        <test-method status="SKIP" signature="testMethodName(java.lang.reflect.Method)[pri:0, instance:com.zapprx.testing.end2endtests.functional.admin.ZQ201Test@39fb3ab6]" name="testMethodName" is-config="true" duration-ms="0" started-at="2017-04-10T17:32:15Z" finished-at="2017-04-10T17:32:15Z">
          <reporter-output>
          </reporter-output>
        </test-method> <!-- testMethodName -->
        <test-method status="SKIP" signature="Step01_loginAdminAndVerifyHomePage()[pri:0, instance:com.zapprx.testing.end2endtests.functional.admin.ZQ201Test@39fb3ab6]" name="Step01_loginAdminAndVerifyHomePage" duration-ms="0" started-at="2017-04-10T17:32:15Z" finished-at="2017-04-10T17:32:15Z">
          <exception class="java.lang.ExceptionInInitializerError">
            <full-stacktrace>
              <![CDATA[java.lang.ExceptionInInitializerError
	at org.openqa.selenium.firefox.FirefoxProfile.layoutOnDisk(FirefoxProfile.java:416)
	at org.openqa.selenium.firefox.internal.NewProfileExtensionConnection.start(NewProfileExtensionConnection.java:85)
	at org.openqa.selenium.firefox.FirefoxDriver.startClient(FirefoxDriver.java:271)
	at org.openqa.selenium.remote.RemoteWebDriver.<init>(RemoteWebDriver.java:119)
	at org.openqa.selenium.firefox.FirefoxDriver.<init>(FirefoxDriver.java:216)
	at org.openqa.selenium.firefox.FirefoxDriver.<init>(FirefoxDriver.java:211)
	at org.openqa.selenium.firefox.FirefoxDriver.<init>(FirefoxDriver.java:207)
	at org.openqa.selenium.firefox.FirefoxDriver.<init>(FirefoxDriver.java:124)
	at com.zapprx.testing.end2endtests.automation.WebDriverFactory.getFirefoxDriver(WebDriverFactory.java:124)
	at com.zapprx.testing.end2endtests.automation.WebDriverFactory.getDriver(WebDriverFactory.java:38)
	at com.zapprx.testing.end2endtests.automation.TestSessionInitiator._configureBrowser(TestSessionInitiator.java:150)
	at com.zapprx.testing.end2endtests.automation.TestSessionInitiator.testInitiator(TestSessionInitiator.java:143)
	at com.zapprx.testing.end2endtests.automation.TestSessionInitiator.<init>(TestSessionInitiator.java:138)
	at com.zapprx.testing.end2endtests.regression.PhysicianProfile.SaveSigPhysicianProfileTest.savePhysicianSignature(SaveSigPhysicianProfileTest.java:21)
	at sun.reflect.NativeMethodAccessorImpl.invoke0(Native Method)
	at sun.reflect.NativeMethodAccessorImpl.invoke(NativeMethodAccessorImpl.java:62)
	at sun.reflect.DelegatingMethodAccessorImpl.invoke(DelegatingMethodAccessorImpl.java:43)
	at java.lang.reflect.Method.invoke(Method.java:497)
	at org.testng.internal.MethodInvocationHelper.invokeMethod(MethodInvocationHelper.java:108)
	at org.testng.internal.Invoker.invokeConfigurationMethod(Invoker.java:523)
	at org.testng.internal.Invoker.invokeConfigurations(Invoker.java:224)
	at org.testng.internal.Invoker.invokeConfigurations(Invoker.java:146)
	at org.testng.SuiteRunner.privateRun(SuiteRunner.java:326)
	at org.testng.SuiteRunner.run(SuiteRunner.java:289)
	at org.testng.SuiteRunnerWorker.runSuite(SuiteRunnerWorker.java:52)
	at org.testng.SuiteRunnerWorker.run(SuiteRunnerWorker.java:86)
	at org.testng.TestNG.runSuitesSequentially(TestNG.java:1301)
	at org.testng.TestNG.runSuitesLocally(TestNG.java:1226)
	at org.testng.TestNG.runSuites(TestNG.java:1144)
	at org.testng.TestNG.run(TestNG.java:1115)
	at org.apache.maven.surefire.testng.TestNGExecutor.run(TestNGExecutor.java:122)
	at org.apache.maven.surefire.testng.TestNGXmlTestSuite.execute(TestNGXmlTestSuite.java:92)
	at org.apache.maven.surefire.testng.TestNGProvider.invoke(TestNGProvider.java:105)
	at sun.reflect.NativeMethodAccessorImpl.invoke0(Native Method)
	at sun.reflect.NativeMethodAccessorImpl.invoke(NativeMethodAccessorImpl.java:62)
	at sun.reflect.DelegatingMethodAccessorImpl.invoke(DelegatingMethodAccessorImpl.java:43)
	at java.lang.reflect.Method.invoke(Method.java:497)
	at org.apache.maven.surefire.util.ReflectionUtils.invokeMethodWithArray(ReflectionUtils.java:188)
	at org.apache.maven.surefire.booter.ProviderFactory$ProviderProxy.invoke(ProviderFactory.java:166)
	at org.apache.maven.surefire.booter.ProviderFactory.invokeProvider(ProviderFactory.java:86)
	at org.apache.maven.surefire.booter.ForkedBooter.runSuitesInProcess(ForkedBooter.java:101)
	at org.apache.maven.surefire.booter.ForkedBooter.main(ForkedBooter.java:74)
Caused by: org.openqa.selenium.WebDriverException: Unable to find tmp dir: F:\tmp
Build info: version: '2.53.1', revision: 'a36b8b1cd5757287168e54b817830adce9b0158d', time: '2016-06-30 19:26:09'
System info: host: 'LAB00W7FCA-15', ip: '172.20.3.175', os.name: 'Windows 7', os.arch: 'amd64', os.version: '6.1', java.version: '1.8.0_60'
Driver info: driver.version: FirefoxDriver
	at org.openqa.selenium.io.TemporaryFilesystem.<init>(TemporaryFilesystem.java:65)
	at org.openqa.selenium.io.TemporaryFilesystem.<clinit>(TemporaryFilesystem.java:42)
	... 42 more
]]>
            </full-stacktrace>
          </exception> <!-- java.lang.ExceptionInInitializerError -->
          <reporter-output>
          </reporter-output>
        </test-method> <!-- Step01_loginAdminAndVerifyHomePage -->
        <test-method status="SKIP" signature="close_Test_Session()[pri:0, instance:com.zapprx.testing.end2endtests.functional.admin.ZQ201Test@39fb3ab6]" name="close_Test_Session" is-config="true" duration-ms="0" started-at="2017-04-10T17:32:15Z" finished-at="2017-04-10T17:32:15Z">
          <reporter-output>
          </reporter-output>
        </test-method> <!-- close_Test_Session -->
      </class> <!-- com.zapprx.testing.end2endtests.functional.admin.ZQ201Test -->
    </test> <!-- TC_06_Admin_Login_Test -->
  </suite> <!-- ZappRx -->
</testng-results>
