<?xml version="1.0" encoding="UTF-8" ?>
<testsuite tests="43" failures="1" name="TestSuite" time="2.586" errors="0" skipped="42">
  <properties>
    <property name="java.runtime.name" value="Java(TM) SE Runtime Environment"/>
    <property name="sun.boot.library.path" value="C:\Program Files\Java\jdk1.8.0_60\jre\bin"/>
    <property name="java.vm.version" value="25.60-b23"/>
    <property name="java.vm.vendor" value="Oracle Corporation"/>
    <property name="maven.multiModuleProjectDirectory" value="F:\github\Java\allureReporting\allureReporting\end2endtests"/>
    <property name="java.vendor.url" value="http://java.oracle.com/"/>
    <property name="path.separator" value=";"/>
    <property name="guice.disable.misplaced.annotation.check" value="true"/>
    <property name="java.vm.name" value="Java HotSpot(TM) 64-Bit Server VM"/>
    <property name="file.encoding.pkg" value="sun.io"/>
    <property name="user.script" value=""/>
    <property name="user.country" value="AU"/>
    <property name="sun.java.launcher" value="SUN_STANDARD"/>
    <property name="sun.os.patch.level" value="Service Pack 1"/>
    <property name="java.vm.specification.name" value="Java Virtual Machine Specification"/>
    <property name="user.dir" value="F:\github\Java\allureReporting\allureReporting\end2endtests"/>
    <property name="java.runtime.version" value="1.8.0_60-b27"/>
    <property name="java.awt.graphicsenv" value="sun.awt.Win32GraphicsEnvironment"/>
    <property name="java.endorsed.dirs" value="C:\Program Files\Java\jdk1.8.0_60\jre\lib\endorsed"/>
    <property name="os.arch" value="amd64"/>
    <property name="java.io.tmpdir" value="C:\Users\adityak\AppData\Local\Temp\"/>
    <property name="line.separator" value="
"/>
    <property name="java.vm.specification.vendor" value="Oracle Corporation"/>
    <property name="user.variant" value=""/>
    <property name="os.name" value="Windows 7"/>
    <property name="classworlds.conf" value="C:\Program Files\apache-maven-3.3.9\bin\..\bin\m2.conf"/>
    <property name="sun.jnu.encoding" value="Cp1252"/>
    <property name="java.library.path" value="C:\Program Files\Java\jdk1.8.0_60\bin;C:\Windows\Sun\Java\bin;C:\Windows\system32;C:\Windows;C:\Python27\;C:\Python27\Scripts;C:\ProgramData\Oracle\Java\javapath;C:\Windows\system32;C:\Windows;C:\Windows\System32\Wbem;C:\Windows\System32\WindowsPowerShell\v1.0\;C:\Program Files\TortoiseSVN\bin;C:\Program Files (x86)\IBM\Client Access\Emulator;C:\Program Files (x86)\IBM\Client Access\Shared;C:\Program Files (x86)\IBM\Client Access\;C:\Program Files (x86)\Microsoft SQL Server\Client SDK\ODBC\110\Tools\Binn\;C:\Program Files (x86)\Microsoft SQL Server\120\Tools\Binn\ManagementStudio\;C:\Program Files (x86)\Microsoft SQL Server\120\Tools\Binn\;C:\Program Files (x86)\Microsoft SQL Server\120\DTS\Binn\;C:\Windows\System32\WindowsPowerShell\v1.0\;Q:\Bin;R:\Bin;m:\bin;c:\sqlini;C:\Program Files (x86)\HP\Unified Functional Testing\bin;C:\Program Files\Common Files\ThinPrint\Bin;C:\Program Files (x86)\HP\Unified Functional Testing\bin;C:\Program Files\Common Files\ThinPrint\;C:\Program Files\apache-maven-3.3.9\bin;C:\Program Files\Git\cmd;;C:\Program Files\Git\bin\git.exe;C:\Program Files\gradle-2.10\bin;C:\Program Files (x86)\Windows Kits\8.1\Windows Performance Toolkit\;C:\Program Files\Microsoft SQL Server\110\Tools\Binn\;C:\Python27\Scripts\;C:\Python27\Lib\site-packages\;C:\ChromeDriver\;;C:\Program Files (x86)\WinMerge;C:\Program Files\nodejs\;C:\Users\adityak\AppData\Roaming\npm\node_modules\webdriver-manager\;C:\Users\adityak\AppData\Roaming\npm\node_modules\webdriver-manager\selenium\;C:\Users\adityak\AppData\Roaming\npm;."/>
    <property name="java.specification.name" value="Java Platform API Specification"/>
    <property name="java.class.version" value="52.0"/>
    <property name="sun.management.compiler" value="HotSpot 64-Bit Tiered Compilers"/>
    <property name="os.version" value="6.1"/>
    <property name="user.home" value="C:\Users\adityak"/>
    <property name="user.timezone" value="Australia/Sydney"/>
    <property name="java.awt.printerjob" value="sun.awt.windows.WPrinterJob"/>
    <property name="java.specification.version" value="1.8"/>
    <property name="file.encoding" value="Cp1252"/>
    <property name="user.name" value="adityak"/>
    <property name="java.class.path" value="C:\Program Files\apache-maven-3.3.9\bin\..\boot\plexus-classworlds-2.5.2.jar"/>
    <property name="java.vm.specification.version" value="1.8"/>
    <property name="sun.arch.data.model" value="64"/>
    <property name="java.home" value="C:\Program Files\Java\jdk1.8.0_60\jre"/>
    <property name="sun.java.command" value="org.codehaus.plexus.classworlds.launcher.Launcher verify"/>
    <property name="java.specification.vendor" value="Oracle Corporation"/>
    <property name="user.language" value="en"/>
    <property name="awt.toolkit" value="sun.awt.windows.WToolkit"/>
    <property name="java.vm.info" value="mixed mode"/>
    <property name="java.version" value="1.8.0_60"/>
    <property name="java.ext.dirs" value="C:\Program Files\Java\jdk1.8.0_60\jre\lib\ext;C:\Windows\Sun\Java\lib\ext"/>
    <property name="sun.boot.class.path" value="C:\Program Files\Java\jdk1.8.0_60\jre\lib\resources.jar;C:\Program Files\Java\jdk1.8.0_60\jre\lib\rt.jar;C:\Program Files\Java\jdk1.8.0_60\jre\lib\sunrsasign.jar;C:\Program Files\Java\jdk1.8.0_60\jre\lib\jsse.jar;C:\Program Files\Java\jdk1.8.0_60\jre\lib\jce.jar;C:\Program Files\Java\jdk1.8.0_60\jre\lib\charsets.jar;C:\Program Files\Java\jdk1.8.0_60\jre\lib\jfr.jar;C:\Program Files\Java\jdk1.8.0_60\jre\classes"/>
    <property name="sun.stderr.encoding" value="cp850"/>
    <property name="java.vendor" value="Oracle Corporation"/>
    <property name="maven.home" value="C:\Program Files\apache-maven-3.3.9\bin\.."/>
    <property name="file.separator" value="\"/>
    <property name="java.vendor.url.bug" value="http://bugreport.sun.com/bugreport/"/>
    <property name="sun.cpu.endian" value="little"/>
    <property name="sun.io.unicode.encoding" value="UnicodeLittle"/>
    <property name="sun.stdout.encoding" value="cp850"/>
    <property name="sun.desktop" value="windows"/>
    <property name="sun.cpu.isalist" value="amd64"/>
  </properties>
  <testcase classname="com.zapprx.testing.end2endtests.regression.PhysicianProfile.SaveSigPhysicianProfileTest" name="savePhysicianSignature" time="0">
    <failure type="java.lang.ExceptionInInitializerError">java.lang.ExceptionInInitializerError
	at org.openqa.selenium.firefox.FirefoxProfile.layoutOnDisk(FirefoxProfile.java:416)
	at org.openqa.selenium.firefox.internal.NewProfileExtensionConnection.start(NewProfileExtensionConnection.java:85)
	at org.openqa.selenium.firefox.FirefoxDriver.startClient(FirefoxDriver.java:271)
	at org.openqa.selenium.remote.RemoteWebDriver.&lt;init&gt;(RemoteWebDriver.java:119)
	at org.openqa.selenium.firefox.FirefoxDriver.&lt;init&gt;(FirefoxDriver.java:216)
	at org.openqa.selenium.firefox.FirefoxDriver.&lt;init&gt;(FirefoxDriver.java:211)
	at org.openqa.selenium.firefox.FirefoxDriver.&lt;init&gt;(FirefoxDriver.java:207)
	at org.openqa.selenium.firefox.FirefoxDriver.&lt;init&gt;(FirefoxDriver.java:124)
	at com.zapprx.testing.end2endtests.automation.WebDriverFactory.getFirefoxDriver(WebDriverFactory.java:124)
	at com.zapprx.testing.end2endtests.automation.WebDriverFactory.getDriver(WebDriverFactory.java:38)
	at com.zapprx.testing.end2endtests.automation.TestSessionInitiator._configureBrowser(TestSessionInitiator.java:150)
	at com.zapprx.testing.end2endtests.automation.TestSessionInitiator.testInitiator(TestSessionInitiator.java:143)
	at com.zapprx.testing.end2endtests.automation.TestSessionInitiator.&lt;init&gt;(TestSessionInitiator.java:138)
	at com.zapprx.testing.end2endtests.regression.PhysicianProfile.SaveSigPhysicianProfileTest.savePhysicianSignature(SaveSigPhysicianProfileTest.java:21)
Caused by: org.openqa.selenium.WebDriverException: Unable to find tmp dir: F:\tmp
Build info: version: &apos;2.53.1&apos;, revision: &apos;a36b8b1cd5757287168e54b817830adce9b0158d&apos;, time: &apos;2016-06-30 19:26:09&apos;
System info: host: &apos;LAB00W7FCA-15&apos;, ip: &apos;172.20.3.175&apos;, os.name: &apos;Windows 7&apos;, os.arch: &apos;amd64&apos;, os.version: &apos;6.1&apos;, java.version: &apos;1.8.0_60&apos;
Driver info: driver.version: FirefoxDriver
	at org.openqa.selenium.io.TemporaryFilesystem.&lt;init&gt;(TemporaryFilesystem.java:65)
	at org.openqa.selenium.io.TemporaryFilesystem.&lt;clinit&gt;(TemporaryFilesystem.java:42)
	... 42 more
</failure>
    <system-out>[TestNGContentHandler] [WARN] It is strongly recommended to add &quot;&lt;!DOCTYPE suite SYSTEM &quot;http://testng.org/testng-1.0.dtd&quot; &gt;&quot; at the top of your file, otherwise TestNG may fail or not work as expected.
Tier ::local
yaml file path ::src/com/zapprx/testing/end2endtests/main/resources/testdata/LocalEnv_TestData.yml
</system-out>
  </testcase>
  <testcase classname="com.zapprx.testing.end2endtests.functional.physician.PhysicianLoginTest" name="Start_Test_Session" time="0.073">
    <skipped/>
  </testcase>
  <testcase classname="com.zapprx.testing.end2endtests.functional.physician.PhysicianLoginTest" name="testMethodName" time="0.112">
    <skipped/>
  </testcase>
  <testcase classname="com.zapprx.testing.end2endtests.functional.physician.PhysicianLoginTest" name="Step01_Login_As_Physician" time="0.112">
    <skipped/>
  </testcase>
  <testcase classname="com.zapprx.testing.end2endtests.functional.physician.PhysicianLoginTest" name="testMethodName" time="0.112">
    <skipped/>
  </testcase>
  <testcase classname="com.zapprx.testing.end2endtests.functional.physician.PhysicianLoginTest" name="Step02_User_Is_On_HomePage" time="0.113">
    <skipped/>
  </testcase>
  <testcase classname="com.zapprx.testing.end2endtests.functional.physician.PhysicianLoginTest" name="testMethodName" time="0.113">
    <skipped/>
  </testcase>
  <testcase classname="com.zapprx.testing.end2endtests.functional.physician.PhysicianLoginTest" name="Step03_User_LogOut" time="0.113">
    <skipped/>
  </testcase>
  <testcase classname="com.zapprx.testing.end2endtests.functional.physician.PhysicianLoginTest" name="close_Test_Session" time="0.113">
    <skipped/>
  </testcase>
  <testcase classname="com.zapprx.testing.end2endtests.functional.physician.DoctorRegisterAndPrescribeTest" name="Start_Test_Session" time="0.138">
    <skipped/>
  </testcase>
  <testcase classname="com.zapprx.testing.end2endtests.functional.physician.DoctorRegisterAndPrescribeTest" name="testMethodName" time="0.138">
    <skipped/>
  </testcase>
  <testcase classname="com.zapprx.testing.end2endtests.functional.physician.DoctorRegisterAndPrescribeTest" name="Step01_registerPatientAndCompleteProfile" time="0.139">
    <skipped/>
  </testcase>
  <testcase classname="com.zapprx.testing.end2endtests.functional.physician.DoctorRegisterAndPrescribeTest" name="testMethodName" time="0.14">
    <skipped/>
  </testcase>
  <testcase classname="com.zapprx.testing.end2endtests.functional.physician.DoctorRegisterAndPrescribeTest" name="Step02_prescribePatient" time="0.14">
    <skipped/>
  </testcase>
  <testcase classname="com.zapprx.testing.end2endtests.functional.physician.DoctorRegisterAndPrescribeTest" name="delete_Patient" time="0.148">
    <skipped/>
  </testcase>
  <testcase classname="com.zapprx.testing.end2endtests.functional.physician.DoctorRegisterAndPrescribeTest" name="close_Test_Session" time="0.148">
    <skipped/>
  </testcase>
  <testcase classname="com.zapprx.testing.end2endtests.functional.physician.DoctorUpdatePatientTest" name="Start_Test_Session" time="0.182">
    <skipped/>
  </testcase>
  <testcase classname="com.zapprx.testing.end2endtests.functional.physician.DoctorUpdatePatientTest" name="testMethodName" time="0.182">
    <skipped/>
  </testcase>
  <testcase classname="com.zapprx.testing.end2endtests.functional.physician.DoctorUpdatePatientTest" name="Step01_registerPatientAndCompleteProfile" time="0.182">
    <skipped/>
  </testcase>
  <testcase classname="com.zapprx.testing.end2endtests.functional.physician.DoctorUpdatePatientTest" name="testMethodName" time="0.182">
    <skipped/>
  </testcase>
  <testcase classname="com.zapprx.testing.end2endtests.functional.physician.DoctorUpdatePatientTest" name="Step02_searchPatientToUpdateAddressAndVerify" time="0.182">
    <skipped/>
  </testcase>
  <testcase classname="com.zapprx.testing.end2endtests.functional.physician.DoctorUpdatePatientTest" name="delete_Patient" time="0.182">
    <skipped/>
  </testcase>
  <testcase classname="com.zapprx.testing.end2endtests.functional.physician.DoctorUpdatePatientTest" name="close_Test_Session" time="0.182">
    <skipped/>
  </testcase>
  <testcase classname="com.zapprx.testing.end2endtests.functional.patient.PatientLoginTest" name="Start_Test_Session" time="0.212">
    <skipped/>
  </testcase>
  <testcase classname="com.zapprx.testing.end2endtests.functional.patient.PatientLoginTest" name="testMethodName" time="0.212">
    <skipped/>
  </testcase>
  <testcase classname="com.zapprx.testing.end2endtests.functional.patient.PatientLoginTest" name="Step01_Login_As_Patient" time="0.212">
    <skipped/>
  </testcase>
  <testcase classname="com.zapprx.testing.end2endtests.functional.patient.PatientLoginTest" name="testMethodName" time="0.214">
    <skipped/>
  </testcase>
  <testcase classname="com.zapprx.testing.end2endtests.functional.patient.PatientLoginTest" name="Step02_User_Is_On_HomePage" time="0.214">
    <skipped/>
  </testcase>
  <testcase classname="com.zapprx.testing.end2endtests.functional.patient.PatientLoginTest" name="testMethodName" time="0.214">
    <skipped/>
  </testcase>
  <testcase classname="com.zapprx.testing.end2endtests.functional.patient.PatientLoginTest" name="Step3_User_LogOut" time="0.214">
    <skipped/>
  </testcase>
  <testcase classname="com.zapprx.testing.end2endtests.functional.patient.PatientLoginTest" name="close_Test_Session" time="0.214">
    <skipped/>
  </testcase>
  <testcase classname="com.zapprx.testing.end2endtests.functional.pharmacy.PharmacyLoginTest" name="Start_Test_Session" time="0.243">
    <skipped/>
  </testcase>
  <testcase classname="com.zapprx.testing.end2endtests.functional.pharmacy.PharmacyLoginTest" name="testMethodName" time="0.243">
    <skipped/>
  </testcase>
  <testcase classname="com.zapprx.testing.end2endtests.functional.pharmacy.PharmacyLoginTest" name="Step01_Login_As_Pharmacy" time="0.243">
    <skipped/>
  </testcase>
  <testcase classname="com.zapprx.testing.end2endtests.functional.pharmacy.PharmacyLoginTest" name="testMethodName" time="0.243">
    <skipped/>
  </testcase>
  <testcase classname="com.zapprx.testing.end2endtests.functional.pharmacy.PharmacyLoginTest" name="Step02_User_Is_On_HomePage" time="0.243">
    <skipped/>
  </testcase>
  <testcase classname="com.zapprx.testing.end2endtests.functional.pharmacy.PharmacyLoginTest" name="testMethodName" time="0.243">
    <skipped/>
  </testcase>
  <testcase classname="com.zapprx.testing.end2endtests.functional.pharmacy.PharmacyLoginTest" name="Step03_User_LogOut" time="0.243">
    <skipped/>
  </testcase>
  <testcase classname="com.zapprx.testing.end2endtests.functional.pharmacy.PharmacyLoginTest" name="close_Test_Session" time="0.243">
    <skipped/>
  </testcase>
  <testcase classname="com.zapprx.testing.end2endtests.functional.admin.ZQ201Test" name="Start_Test_Session" time="0.281">
    <skipped/>
  </testcase>
  <testcase classname="com.zapprx.testing.end2endtests.functional.admin.ZQ201Test" name="testMethodName" time="0.281">
    <skipped/>
  </testcase>
  <testcase classname="com.zapprx.testing.end2endtests.functional.admin.ZQ201Test" name="Step01_loginAdminAndVerifyHomePage" time="0.281">
    <skipped/>
  </testcase>
  <testcase classname="com.zapprx.testing.end2endtests.functional.admin.ZQ201Test" name="close_Test_Session" time="0.281">
    <skipped/>
  </testcase>
</testsuite>